{"C:\\Users\\tsoot\\OneDrive\\Tiedostot\\Koulu24\\Y1\\Period_1\\Web_Development\\web-dev-project\\backend\\app.js": {"path":"C:\\Users\\tsoot\\OneDrive\\Tiedostot\\Koulu24\\Y1\\Period_1\\Web_Development\\web-dev-project\\backend\\app.js","statementMap":{"0":{"start":{"line":1,"column":0},"end":{"line":1,"column":27}},"1":{"start":{"line":2,"column":16},"end":{"line":2,"column":34}},"2":{"start":{"line":3,"column":13},"end":{"line":3,"column":28}},"3":{"start":{"line":4,"column":18},"end":{"line":4,"column":40}},"4":{"start":{"line":5,"column":25},"end":{"line":5,"column":66}},"5":{"start":{"line":6,"column":20},"end":{"line":6,"column":52}},"6":{"start":{"line":7,"column":20},"end":{"line":7,"column":52}},"7":{"start":{"line":8,"column":21},"end":{"line":8,"column":54}},"8":{"start":{"line":11,"column":12},"end":{"line":11,"column":21}},"9":{"start":{"line":14,"column":0},"end":{"line":14,"column":12}},"10":{"start":{"line":17,"column":0},"end":{"line":17,"column":16}},"11":{"start":{"line":18,"column":0},"end":{"line":18,"column":24}},"12":{"start":{"line":19,"column":0},"end":{"line":19,"column":40}},"13":{"start":{"line":21,"column":0},"end":{"line":23,"column":3}},"14":{"start":{"line":22,"column":1},"end":{"line":22,"column":26}},"15":{"start":{"line":26,"column":0},"end":{"line":26,"column":35}},"16":{"start":{"line":27,"column":0},"end":{"line":27,"column":35}},"17":{"start":{"line":28,"column":0},"end":{"line":28,"column":36}},"18":{"start":{"line":31,"column":0},"end":{"line":31,"column":42}},"19":{"start":{"line":32,"column":0},"end":{"line":32,"column":39}},"20":{"start":{"line":34,"column":0},"end":{"line":34,"column":21}}},"fnMap":{"0":{"name":"(anonymous_0)","decl":{"start":{"line":21,"column":13},"end":{"line":21,"column":14}},"loc":{"start":{"line":21,"column":27},"end":{"line":23,"column":1}},"line":21}},"branchMap":{},"s":{"0":2,"1":2,"2":2,"3":2,"4":2,"5":2,"6":2,"7":2,"8":2,"9":2,"10":2,"11":2,"12":2,"13":2,"14":0,"15":2,"16":2,"17":2,"18":2,"19":2,"20":2},"f":{"0":0},"b":{},"_coverageSchema":"1a1c01bbd47fc00a2c39e90264f33305004495a9","hash":"4dcba485b1e13b476b74897ef1bc2a6815bf2047"}
,"C:\\Users\\tsoot\\OneDrive\\Tiedostot\\Koulu24\\Y1\\Period_1\\Web_Development\\web-dev-project\\backend\\config\\db.js": {"path":"C:\\Users\\tsoot\\OneDrive\\Tiedostot\\Koulu24\\Y1\\Period_1\\Web_Development\\web-dev-project\\backend\\config\\db.js","statementMap":{"0":{"start":{"line":1,"column":17},"end":{"line":1,"column":36}},"1":{"start":{"line":3,"column":18},"end":{"line":12,"column":1}},"2":{"start":{"line":4,"column":2},"end":{"line":11,"column":3}},"3":{"start":{"line":5,"column":17},"end":{"line":5,"column":62}},"4":{"start":{"line":7,"column":4},"end":{"line":7,"column":62}},"5":{"start":{"line":9,"column":4},"end":{"line":9,"column":23}},"6":{"start":{"line":10,"column":4},"end":{"line":10,"column":20}},"7":{"start":{"line":14,"column":0},"end":{"line":14,"column":27}}},"fnMap":{"0":{"name":"(anonymous_0)","decl":{"start":{"line":3,"column":18},"end":{"line":3,"column":19}},"loc":{"start":{"line":3,"column":30},"end":{"line":12,"column":1}},"line":3}},"branchMap":{},"s":{"0":2,"1":2,"2":2,"3":2,"4":2,"5":0,"6":0,"7":2},"f":{"0":2},"b":{},"_coverageSchema":"1a1c01bbd47fc00a2c39e90264f33305004495a9","hash":"466c24a0fd32edc1060b5738d791b4e4d37b6ab7"}
,"C:\\Users\\tsoot\\OneDrive\\Tiedostot\\Koulu24\\Y1\\Period_1\\Web_Development\\web-dev-project\\backend\\controllers\\NotesController.js": {"path":"C:\\Users\\tsoot\\OneDrive\\Tiedostot\\Koulu24\\Y1\\Period_1\\Web_Development\\web-dev-project\\backend\\controllers\\NotesController.js","statementMap":{"0":{"start":{"line":1,"column":17},"end":{"line":1,"column":36}},"1":{"start":{"line":2,"column":13},"end":{"line":2,"column":38}},"2":{"start":{"line":5,"column":17},"end":{"line":15,"column":1}},"3":{"start":{"line":6,"column":17},"end":{"line":6,"column":29}},"4":{"start":{"line":8,"column":1},"end":{"line":14,"column":2}},"5":{"start":{"line":9,"column":16},"end":{"line":9,"column":72}},"6":{"start":{"line":10,"column":2},"end":{"line":10,"column":30}},"7":{"start":{"line":12,"column":2},"end":{"line":12,"column":21}},"8":{"start":{"line":13,"column":2},"end":{"line":13,"column":49}},"9":{"start":{"line":18,"column":16},"end":{"line":40,"column":1}},"10":{"start":{"line":19,"column":28},"end":{"line":19,"column":36}},"11":{"start":{"line":22,"column":1},"end":{"line":39,"column":2}},"12":{"start":{"line":23,"column":18},"end":{"line":23,"column":30}},"13":{"start":{"line":24,"column":15},"end":{"line":28,"column":4}},"14":{"start":{"line":29,"column":2},"end":{"line":29,"column":20}},"15":{"start":{"line":32,"column":2},"end":{"line":35,"column":5}},"16":{"start":{"line":37,"column":2},"end":{"line":37,"column":21}},"17":{"start":{"line":38,"column":2},"end":{"line":38,"column":49}},"18":{"start":{"line":43,"column":16},"end":{"line":65,"column":1}},"19":{"start":{"line":44,"column":16},"end":{"line":44,"column":26}},"20":{"start":{"line":46,"column":1},"end":{"line":48,"column":2}},"21":{"start":{"line":47,"column":2},"end":{"line":47,"column":57}},"22":{"start":{"line":52,"column":1},"end":{"line":62,"column":2}},"23":{"start":{"line":53,"column":18},"end":{"line":53,"column":30}},"24":{"start":{"line":54,"column":15},"end":{"line":54,"column":71}},"25":{"start":{"line":55,"column":2},"end":{"line":57,"column":3}},"26":{"start":{"line":56,"column":3},"end":{"line":56,"column":60}},"27":{"start":{"line":58,"column":2},"end":{"line":58,"column":29}},"28":{"start":{"line":60,"column":2},"end":{"line":60,"column":21}},"29":{"start":{"line":61,"column":2},"end":{"line":61,"column":49}},"30":{"start":{"line":68,"column":19},"end":{"line":92,"column":1}},"31":{"start":{"line":69,"column":16},"end":{"line":69,"column":26}},"32":{"start":{"line":71,"column":1},"end":{"line":73,"column":2}},"33":{"start":{"line":72,"column":2},"end":{"line":72,"column":59}},"34":{"start":{"line":75,"column":1},"end":{"line":91,"column":2}},"35":{"start":{"line":76,"column":18},"end":{"line":76,"column":30}},"36":{"start":{"line":77,"column":15},"end":{"line":82,"column":19}},"37":{"start":{"line":84,"column":2},"end":{"line":86,"column":3}},"38":{"start":{"line":85,"column":3},"end":{"line":85,"column":60}},"39":{"start":{"line":87,"column":2},"end":{"line":87,"column":69}},"40":{"start":{"line":89,"column":2},"end":{"line":89,"column":23}},"41":{"start":{"line":90,"column":2},"end":{"line":90,"column":49}},"42":{"start":{"line":95,"column":18},"end":{"line":116,"column":1}},"43":{"start":{"line":96,"column":16},"end":{"line":96,"column":26}},"44":{"start":{"line":98,"column":1},"end":{"line":115,"column":2}},"45":{"start":{"line":99,"column":18},"end":{"line":99,"column":30}},"46":{"start":{"line":100,"column":15},"end":{"line":106,"column":19}},"47":{"start":{"line":108,"column":2},"end":{"line":110,"column":3}},"48":{"start":{"line":109,"column":3},"end":{"line":109,"column":60}},"49":{"start":{"line":111,"column":2},"end":{"line":111,"column":29}},"50":{"start":{"line":113,"column":2},"end":{"line":113,"column":23}},"51":{"start":{"line":114,"column":2},"end":{"line":114,"column":49}},"52":{"start":{"line":118,"column":0},"end":{"line":124,"column":2}}},"fnMap":{"0":{"name":"(anonymous_0)","decl":{"start":{"line":5,"column":17},"end":{"line":5,"column":18}},"loc":{"start":{"line":5,"column":37},"end":{"line":15,"column":1}},"line":5},"1":{"name":"(anonymous_1)","decl":{"start":{"line":18,"column":16},"end":{"line":18,"column":17}},"loc":{"start":{"line":18,"column":36},"end":{"line":40,"column":1}},"line":18},"2":{"name":"(anonymous_2)","decl":{"start":{"line":43,"column":16},"end":{"line":43,"column":17}},"loc":{"start":{"line":43,"column":36},"end":{"line":65,"column":1}},"line":43},"3":{"name":"(anonymous_3)","decl":{"start":{"line":68,"column":19},"end":{"line":68,"column":20}},"loc":{"start":{"line":68,"column":39},"end":{"line":92,"column":1}},"line":68},"4":{"name":"(anonymous_4)","decl":{"start":{"line":95,"column":18},"end":{"line":95,"column":19}},"loc":{"start":{"line":95,"column":38},"end":{"line":116,"column":1}},"line":95}},"branchMap":{"0":{"loc":{"start":{"line":46,"column":1},"end":{"line":48,"column":2}},"type":"if","locations":[{"start":{"line":46,"column":1},"end":{"line":48,"column":2}},{"start":{},"end":{}}],"line":46},"1":{"loc":{"start":{"line":55,"column":2},"end":{"line":57,"column":3}},"type":"if","locations":[{"start":{"line":55,"column":2},"end":{"line":57,"column":3}},{"start":{},"end":{}}],"line":55},"2":{"loc":{"start":{"line":71,"column":1},"end":{"line":73,"column":2}},"type":"if","locations":[{"start":{"line":71,"column":1},"end":{"line":73,"column":2}},{"start":{},"end":{}}],"line":71},"3":{"loc":{"start":{"line":84,"column":2},"end":{"line":86,"column":3}},"type":"if","locations":[{"start":{"line":84,"column":2},"end":{"line":86,"column":3}},{"start":{},"end":{}}],"line":84},"4":{"loc":{"start":{"line":108,"column":2},"end":{"line":110,"column":3}},"type":"if","locations":[{"start":{"line":108,"column":2},"end":{"line":110,"column":3}},{"start":{},"end":{}}],"line":108}},"s":{"0":2,"1":2,"2":2,"3":1,"4":1,"5":1,"6":1,"7":0,"8":0,"9":2,"10":6,"11":6,"12":6,"13":6,"14":6,"15":6,"16":0,"17":0,"18":2,"19":1,"20":1,"21":0,"22":1,"23":1,"24":1,"25":1,"26":0,"27":1,"28":0,"29":0,"30":2,"31":1,"32":1,"33":0,"34":1,"35":1,"36":1,"37":1,"38":0,"39":1,"40":0,"41":0,"42":2,"43":1,"44":1,"45":1,"46":1,"47":1,"48":0,"49":1,"50":0,"51":0,"52":2},"f":{"0":1,"1":6,"2":1,"3":1,"4":1},"b":{"0":[0,1],"1":[0,1],"2":[0,1],"3":[0,1],"4":[0,1]},"_coverageSchema":"1a1c01bbd47fc00a2c39e90264f33305004495a9","hash":"3578b6a345364b07af6ab0d7ee788b50be24dccb"}
,"C:\\Users\\tsoot\\OneDrive\\Tiedostot\\Koulu24\\Y1\\Period_1\\Web_Development\\web-dev-project\\backend\\controllers\\RegLogController.js": {"path":"C:\\Users\\tsoot\\OneDrive\\Tiedostot\\Koulu24\\Y1\\Period_1\\Web_Development\\web-dev-project\\backend\\controllers\\RegLogController.js","statementMap":{"0":{"start":{"line":1,"column":13},"end":{"line":1,"column":38}},"1":{"start":{"line":2,"column":12},"end":{"line":2,"column":35}},"2":{"start":{"line":4,"column":20},"end":{"line":6,"column":1}},"3":{"start":{"line":5,"column":1},"end":{"line":5,"column":67}},"4":{"start":{"line":9,"column":21},"end":{"line":23,"column":1}},"5":{"start":{"line":10,"column":29},"end":{"line":10,"column":37}},"6":{"start":{"line":13,"column":1},"end":{"line":22,"column":2}},"7":{"start":{"line":14,"column":15},"end":{"line":14,"column":49}},"8":{"start":{"line":17,"column":16},"end":{"line":17,"column":37}},"9":{"start":{"line":19,"column":2},"end":{"line":19,"column":76}},"10":{"start":{"line":21,"column":2},"end":{"line":21,"column":49}},"11":{"start":{"line":26,"column":18},"end":{"line":38,"column":1}},"12":{"start":{"line":27,"column":29},"end":{"line":27,"column":37}},"13":{"start":{"line":28,"column":1},"end":{"line":37,"column":2}},"14":{"start":{"line":29,"column":15},"end":{"line":29,"column":48}},"15":{"start":{"line":32,"column":16},"end":{"line":32,"column":37}},"16":{"start":{"line":34,"column":2},"end":{"line":34,"column":71}},"17":{"start":{"line":36,"column":2},"end":{"line":36,"column":49}},"18":{"start":{"line":40,"column":0},"end":{"line":40,"column":45}}},"fnMap":{"0":{"name":"(anonymous_0)","decl":{"start":{"line":4,"column":20},"end":{"line":4,"column":21}},"loc":{"start":{"line":4,"column":29},"end":{"line":6,"column":1}},"line":4},"1":{"name":"(anonymous_1)","decl":{"start":{"line":9,"column":21},"end":{"line":9,"column":22}},"loc":{"start":{"line":9,"column":41},"end":{"line":23,"column":1}},"line":9},"2":{"name":"(anonymous_2)","decl":{"start":{"line":26,"column":18},"end":{"line":26,"column":19}},"loc":{"start":{"line":26,"column":38},"end":{"line":38,"column":1}},"line":26}},"branchMap":{},"s":{"0":2,"1":2,"2":2,"3":3,"4":2,"5":3,"6":3,"7":3,"8":2,"9":2,"10":1,"11":2,"12":2,"13":2,"14":2,"15":1,"16":1,"17":1,"18":2},"f":{"0":3,"1":3,"2":2},"b":{},"_coverageSchema":"1a1c01bbd47fc00a2c39e90264f33305004495a9","hash":"456dd024a4bf7d3442742da68698e2dbfdcaf0c4"}
,"C:\\Users\\tsoot\\OneDrive\\Tiedostot\\Koulu24\\Y1\\Period_1\\Web_Development\\web-dev-project\\backend\\controllers\\UsersController.js": {"path":"C:\\Users\\tsoot\\OneDrive\\Tiedostot\\Koulu24\\Y1\\Period_1\\Web_Development\\web-dev-project\\backend\\controllers\\UsersController.js","statementMap":{"0":{"start":{"line":1,"column":13},"end":{"line":1,"column":38}},"1":{"start":{"line":2,"column":12},"end":{"line":2,"column":35}},"2":{"start":{"line":3,"column":17},"end":{"line":3,"column":36}},"3":{"start":{"line":5,"column":20},"end":{"line":7,"column":1}},"4":{"start":{"line":6,"column":2},"end":{"line":6,"column":68}},"5":{"start":{"line":10,"column":17},"end":{"line":14,"column":1}},"6":{"start":{"line":11,"column":16},"end":{"line":11,"column":77}},"7":{"start":{"line":13,"column":2},"end":{"line":13,"column":29}},"8":{"start":{"line":18,"column":16},"end":{"line":33,"column":1}},"9":{"start":{"line":19,"column":17},"end":{"line":19,"column":27}},"10":{"start":{"line":21,"column":2},"end":{"line":24,"column":3}},"11":{"start":{"line":22,"column":4},"end":{"line":22,"column":53}},"12":{"start":{"line":23,"column":4},"end":{"line":23,"column":10}},"13":{"start":{"line":26,"column":15},"end":{"line":26,"column":38}},"14":{"start":{"line":28,"column":2},"end":{"line":30,"column":3}},"15":{"start":{"line":29,"column":4},"end":{"line":29,"column":60}},"16":{"start":{"line":32,"column":2},"end":{"line":32,"column":28}},"17":{"start":{"line":36,"column":19},"end":{"line":50,"column":1}},"18":{"start":{"line":37,"column":17},"end":{"line":37,"column":27}},"19":{"start":{"line":39,"column":2},"end":{"line":41,"column":3}},"20":{"start":{"line":40,"column":4},"end":{"line":40,"column":60}},"21":{"start":{"line":43,"column":15},"end":{"line":43,"column":56}},"22":{"start":{"line":45,"column":2},"end":{"line":47,"column":3}},"23":{"start":{"line":46,"column":4},"end":{"line":46,"column":60}},"24":{"start":{"line":49,"column":2},"end":{"line":49,"column":51}},"25":{"start":{"line":53,"column":18},"end":{"line":71,"column":1}},"26":{"start":{"line":54,"column":17},"end":{"line":54,"column":27}},"27":{"start":{"line":56,"column":2},"end":{"line":58,"column":3}},"28":{"start":{"line":57,"column":4},"end":{"line":57,"column":60}},"29":{"start":{"line":60,"column":15},"end":{"line":64,"column":3}},"30":{"start":{"line":66,"column":2},"end":{"line":68,"column":3}},"31":{"start":{"line":67,"column":4},"end":{"line":67,"column":60}},"32":{"start":{"line":70,"column":2},"end":{"line":70,"column":64}},"33":{"start":{"line":73,"column":0},"end":{"line":78,"column":1}}},"fnMap":{"0":{"name":"(anonymous_0)","decl":{"start":{"line":5,"column":20},"end":{"line":5,"column":21}},"loc":{"start":{"line":5,"column":29},"end":{"line":7,"column":1}},"line":5},"1":{"name":"(anonymous_1)","decl":{"start":{"line":10,"column":17},"end":{"line":10,"column":18}},"loc":{"start":{"line":10,"column":37},"end":{"line":14,"column":1}},"line":10},"2":{"name":"(anonymous_2)","decl":{"start":{"line":18,"column":16},"end":{"line":18,"column":17}},"loc":{"start":{"line":18,"column":36},"end":{"line":33,"column":1}},"line":18},"3":{"name":"(anonymous_3)","decl":{"start":{"line":36,"column":19},"end":{"line":36,"column":20}},"loc":{"start":{"line":36,"column":39},"end":{"line":50,"column":1}},"line":36},"4":{"name":"(anonymous_4)","decl":{"start":{"line":53,"column":18},"end":{"line":53,"column":19}},"loc":{"start":{"line":53,"column":38},"end":{"line":71,"column":1}},"line":53}},"branchMap":{"0":{"loc":{"start":{"line":21,"column":2},"end":{"line":24,"column":3}},"type":"if","locations":[{"start":{"line":21,"column":2},"end":{"line":24,"column":3}},{"start":{},"end":{}}],"line":21},"1":{"loc":{"start":{"line":28,"column":2},"end":{"line":30,"column":3}},"type":"if","locations":[{"start":{"line":28,"column":2},"end":{"line":30,"column":3}},{"start":{},"end":{}}],"line":28},"2":{"loc":{"start":{"line":39,"column":2},"end":{"line":41,"column":3}},"type":"if","locations":[{"start":{"line":39,"column":2},"end":{"line":41,"column":3}},{"start":{},"end":{}}],"line":39},"3":{"loc":{"start":{"line":45,"column":2},"end":{"line":47,"column":3}},"type":"if","locations":[{"start":{"line":45,"column":2},"end":{"line":47,"column":3}},{"start":{},"end":{}}],"line":45},"4":{"loc":{"start":{"line":56,"column":2},"end":{"line":58,"column":3}},"type":"if","locations":[{"start":{"line":56,"column":2},"end":{"line":58,"column":3}},{"start":{},"end":{}}],"line":56},"5":{"loc":{"start":{"line":66,"column":2},"end":{"line":68,"column":3}},"type":"if","locations":[{"start":{"line":66,"column":2},"end":{"line":68,"column":3}},{"start":{},"end":{}}],"line":66}},"s":{"0":2,"1":2,"2":2,"3":2,"4":0,"5":2,"6":0,"7":0,"8":2,"9":0,"10":0,"11":0,"12":0,"13":0,"14":0,"15":0,"16":0,"17":2,"18":0,"19":0,"20":0,"21":0,"22":0,"23":0,"24":0,"25":2,"26":0,"27":0,"28":0,"29":0,"30":0,"31":0,"32":0,"33":2},"f":{"0":0,"1":0,"2":0,"3":0,"4":0},"b":{"0":[0,0],"1":[0,0],"2":[0,0],"3":[0,0],"4":[0,0],"5":[0,0]},"_coverageSchema":"1a1c01bbd47fc00a2c39e90264f33305004495a9","hash":"c587b14f7c4de209bf63615f0f0af3535e152046"}
,"C:\\Users\\tsoot\\OneDrive\\Tiedostot\\Koulu24\\Y1\\Period_1\\Web_Development\\web-dev-project\\backend\\middlewares\\customMiddleware.js": {"path":"C:\\Users\\tsoot\\OneDrive\\Tiedostot\\Koulu24\\Y1\\Period_1\\Web_Development\\web-dev-project\\backend\\middlewares\\customMiddleware.js","statementMap":{"0":{"start":{"line":1,"column":22},"end":{"line":8,"column":1}},"1":{"start":{"line":2,"column":1},"end":{"line":2,"column":20}},"2":{"start":{"line":3,"column":1},"end":{"line":3,"column":40}},"3":{"start":{"line":4,"column":1},"end":{"line":4,"column":38}},"4":{"start":{"line":5,"column":1},"end":{"line":5,"column":38}},"5":{"start":{"line":6,"column":1},"end":{"line":6,"column":20}},"6":{"start":{"line":7,"column":1},"end":{"line":7,"column":8}},"7":{"start":{"line":10,"column":24},"end":{"line":12,"column":1}},"8":{"start":{"line":11,"column":1},"end":{"line":11,"column":58}},"9":{"start":{"line":14,"column":21},"end":{"line":21,"column":1}},"10":{"start":{"line":15,"column":1},"end":{"line":15,"column":30}},"11":{"start":{"line":17,"column":1},"end":{"line":17,"column":22}},"12":{"start":{"line":18,"column":1},"end":{"line":20,"column":4}},"13":{"start":{"line":23,"column":0},"end":{"line":27,"column":2}}},"fnMap":{"0":{"name":"(anonymous_0)","decl":{"start":{"line":1,"column":22},"end":{"line":1,"column":23}},"loc":{"start":{"line":1,"column":51},"end":{"line":8,"column":1}},"line":1},"1":{"name":"(anonymous_1)","decl":{"start":{"line":10,"column":24},"end":{"line":10,"column":25}},"loc":{"start":{"line":10,"column":47},"end":{"line":12,"column":1}},"line":10},"2":{"name":"(anonymous_2)","decl":{"start":{"line":14,"column":21},"end":{"line":14,"column":22}},"loc":{"start":{"line":14,"column":57},"end":{"line":21,"column":1}},"line":14}},"branchMap":{},"s":{"0":2,"1":15,"2":15,"3":15,"4":15,"5":15,"6":15,"7":2,"8":0,"9":2,"10":0,"11":0,"12":0,"13":2},"f":{"0":15,"1":0,"2":0},"b":{},"_coverageSchema":"1a1c01bbd47fc00a2c39e90264f33305004495a9","hash":"eae4a7a66bbc7a5a22878e64f44217c8e1397b1e"}
,"C:\\Users\\tsoot\\OneDrive\\Tiedostot\\Koulu24\\Y1\\Period_1\\Web_Development\\web-dev-project\\backend\\middlewares\\requireAuth.js": {"path":"C:\\Users\\tsoot\\OneDrive\\Tiedostot\\Koulu24\\Y1\\Period_1\\Web_Development\\web-dev-project\\backend\\middlewares\\requireAuth.js","statementMap":{"0":{"start":{"line":1,"column":12},"end":{"line":1,"column":35}},"1":{"start":{"line":2,"column":13},"end":{"line":2,"column":38}},"2":{"start":{"line":4,"column":20},"end":{"line":23,"column":1}},"3":{"start":{"line":6,"column":31},"end":{"line":6,"column":42}},"4":{"start":{"line":8,"column":5},"end":{"line":10,"column":6}},"5":{"start":{"line":9,"column":7},"end":{"line":9,"column":78}},"6":{"start":{"line":12,"column":19},"end":{"line":12,"column":46}},"7":{"start":{"line":14,"column":5},"end":{"line":22,"column":6}},"8":{"start":{"line":15,"column":23},"end":{"line":15,"column":60}},"9":{"start":{"line":17,"column":7},"end":{"line":17,"column":60}},"10":{"start":{"line":18,"column":7},"end":{"line":18,"column":14}},"11":{"start":{"line":20,"column":7},"end":{"line":20,"column":26}},"12":{"start":{"line":21,"column":7},"end":{"line":21,"column":68}},"13":{"start":{"line":25,"column":0},"end":{"line":25,"column":29}}},"fnMap":{"0":{"name":"(anonymous_0)","decl":{"start":{"line":4,"column":20},"end":{"line":4,"column":21}},"loc":{"start":{"line":4,"column":46},"end":{"line":23,"column":1}},"line":4}},"branchMap":{"0":{"loc":{"start":{"line":8,"column":5},"end":{"line":10,"column":6}},"type":"if","locations":[{"start":{"line":8,"column":5},"end":{"line":10,"column":6}},{"start":{},"end":{}}],"line":8}},"s":{"0":2,"1":2,"2":2,"3":10,"4":10,"5":0,"6":10,"7":10,"8":10,"9":10,"10":10,"11":0,"12":0,"13":2},"f":{"0":10},"b":{"0":[0,10]},"_coverageSchema":"1a1c01bbd47fc00a2c39e90264f33305004495a9","hash":"36a4d5a980114f0c0f397cc463fd25d57ff4e9d6"}
,"C:\\Users\\tsoot\\OneDrive\\Tiedostot\\Koulu24\\Y1\\Period_1\\Web_Development\\web-dev-project\\backend\\models\\Note.js": {"path":"C:\\Users\\tsoot\\OneDrive\\Tiedostot\\Koulu24\\Y1\\Period_1\\Web_Development\\web-dev-project\\backend\\models\\Note.js","statementMap":{"0":{"start":{"line":1,"column":17},"end":{"line":1,"column":36}},"1":{"start":{"line":3,"column":19},"end":{"line":16,"column":2}},"2":{"start":{"line":18,"column":13},"end":{"line":18,"column":47}},"3":{"start":{"line":19,"column":0},"end":{"line":19,"column":22}}},"fnMap":{},"branchMap":{},"s":{"0":2,"1":2,"2":2,"3":2},"f":{},"b":{},"_coverageSchema":"1a1c01bbd47fc00a2c39e90264f33305004495a9","hash":"3e491eb878e4555ac5b876210638040c8e428f40"}
,"C:\\Users\\tsoot\\OneDrive\\Tiedostot\\Koulu24\\Y1\\Period_1\\Web_Development\\web-dev-project\\backend\\models\\User.js": {"path":"C:\\Users\\tsoot\\OneDrive\\Tiedostot\\Koulu24\\Y1\\Period_1\\Web_Development\\web-dev-project\\backend\\models\\User.js","statementMap":{"0":{"start":{"line":1,"column":17},"end":{"line":1,"column":36}},"1":{"start":{"line":2,"column":15},"end":{"line":2,"column":32}},"2":{"start":{"line":3,"column":18},"end":{"line":3,"column":38}},"3":{"start":{"line":5,"column":19},"end":{"line":15,"column":2}},"4":{"start":{"line":18,"column":0},"end":{"line":42,"column":2}},"5":{"start":{"line":20,"column":1},"end":{"line":22,"column":2}},"6":{"start":{"line":21,"column":2},"end":{"line":21,"column":43}},"7":{"start":{"line":23,"column":1},"end":{"line":25,"column":2}},"8":{"start":{"line":24,"column":2},"end":{"line":24,"column":33}},"9":{"start":{"line":26,"column":1},"end":{"line":28,"column":2}},"10":{"start":{"line":27,"column":2},"end":{"line":27,"column":44}},"11":{"start":{"line":30,"column":16},"end":{"line":30,"column":45}},"12":{"start":{"line":32,"column":1},"end":{"line":34,"column":2}},"13":{"start":{"line":33,"column":2},"end":{"line":33,"column":38}},"14":{"start":{"line":36,"column":14},"end":{"line":36,"column":38}},"15":{"start":{"line":37,"column":14},"end":{"line":37,"column":47}},"16":{"start":{"line":39,"column":14},"end":{"line":39,"column":58}},"17":{"start":{"line":41,"column":1},"end":{"line":41,"column":13}},"18":{"start":{"line":45,"column":0},"end":{"line":61,"column":2}},"19":{"start":{"line":46,"column":1},"end":{"line":48,"column":2}},"20":{"start":{"line":47,"column":2},"end":{"line":47,"column":43}},"21":{"start":{"line":50,"column":14},"end":{"line":50,"column":43}},"22":{"start":{"line":51,"column":1},"end":{"line":53,"column":2}},"23":{"start":{"line":52,"column":2},"end":{"line":52,"column":33}},"24":{"start":{"line":55,"column":15},"end":{"line":55,"column":60}},"25":{"start":{"line":56,"column":1},"end":{"line":58,"column":2}},"26":{"start":{"line":57,"column":2},"end":{"line":57,"column":36}},"27":{"start":{"line":60,"column":1},"end":{"line":60,"column":31}},"28":{"start":{"line":63,"column":13},"end":{"line":63,"column":47}},"29":{"start":{"line":64,"column":0},"end":{"line":64,"column":22}}},"fnMap":{"0":{"name":"(anonymous_0)","decl":{"start":{"line":18,"column":28},"end":{"line":18,"column":29}},"loc":{"start":{"line":18,"column":61},"end":{"line":42,"column":1}},"line":18},"1":{"name":"(anonymous_1)","decl":{"start":{"line":45,"column":27},"end":{"line":45,"column":28}},"loc":{"start":{"line":45,"column":60},"end":{"line":61,"column":1}},"line":45}},"branchMap":{"0":{"loc":{"start":{"line":20,"column":1},"end":{"line":22,"column":2}},"type":"if","locations":[{"start":{"line":20,"column":1},"end":{"line":22,"column":2}},{"start":{},"end":{}}],"line":20},"1":{"loc":{"start":{"line":20,"column":5},"end":{"line":20,"column":24}},"type":"binary-expr","locations":[{"start":{"line":20,"column":5},"end":{"line":20,"column":11}},{"start":{"line":20,"column":15},"end":{"line":20,"column":24}}],"line":20},"2":{"loc":{"start":{"line":23,"column":1},"end":{"line":25,"column":2}},"type":"if","locations":[{"start":{"line":23,"column":1},"end":{"line":25,"column":2}},{"start":{},"end":{}}],"line":23},"3":{"loc":{"start":{"line":26,"column":1},"end":{"line":28,"column":2}},"type":"if","locations":[{"start":{"line":26,"column":1},"end":{"line":28,"column":2}},{"start":{},"end":{}}],"line":26},"4":{"loc":{"start":{"line":32,"column":1},"end":{"line":34,"column":2}},"type":"if","locations":[{"start":{"line":32,"column":1},"end":{"line":34,"column":2}},{"start":{},"end":{}}],"line":32},"5":{"loc":{"start":{"line":46,"column":1},"end":{"line":48,"column":2}},"type":"if","locations":[{"start":{"line":46,"column":1},"end":{"line":48,"column":2}},{"start":{},"end":{}}],"line":46},"6":{"loc":{"start":{"line":46,"column":5},"end":{"line":46,"column":24}},"type":"binary-expr","locations":[{"start":{"line":46,"column":5},"end":{"line":46,"column":11}},{"start":{"line":46,"column":15},"end":{"line":46,"column":24}}],"line":46},"7":{"loc":{"start":{"line":51,"column":1},"end":{"line":53,"column":2}},"type":"if","locations":[{"start":{"line":51,"column":1},"end":{"line":53,"column":2}},{"start":{},"end":{}}],"line":51},"8":{"loc":{"start":{"line":56,"column":1},"end":{"line":58,"column":2}},"type":"if","locations":[{"start":{"line":56,"column":1},"end":{"line":58,"column":2}},{"start":{},"end":{}}],"line":56}},"s":{"0":2,"1":2,"2":2,"3":2,"4":2,"5":3,"6":0,"7":3,"8":0,"9":3,"10":1,"11":2,"12":2,"13":0,"14":2,"15":2,"16":2,"17":2,"18":2,"19":2,"20":0,"21":2,"22":2,"23":0,"24":2,"25":2,"26":1,"27":1,"28":2,"29":2},"f":{"0":3,"1":2},"b":{"0":[0,3],"1":[3,3],"2":[0,3],"3":[1,2],"4":[0,2],"5":[0,2],"6":[2,2],"7":[0,2],"8":[1,1]},"_coverageSchema":"1a1c01bbd47fc00a2c39e90264f33305004495a9","hash":"77e23951076a3f5b856256a316c6ff6332053c36"}
,"C:\\Users\\tsoot\\OneDrive\\Tiedostot\\Koulu24\\Y1\\Period_1\\Web_Development\\web-dev-project\\backend\\routers\\NotesRouter.js": {"path":"C:\\Users\\tsoot\\OneDrive\\Tiedostot\\Koulu24\\Y1\\Period_1\\Web_Development\\web-dev-project\\backend\\routers\\NotesRouter.js","statementMap":{"0":{"start":{"line":1,"column":16},"end":{"line":1,"column":34}},"1":{"start":{"line":2,"column":15},"end":{"line":2,"column":31}},"2":{"start":{"line":9,"column":4},"end":{"line":9,"column":45}},"3":{"start":{"line":11,"column":20},"end":{"line":11,"column":57}},"4":{"start":{"line":14,"column":0},"end":{"line":14,"column":24}},"5":{"start":{"line":17,"column":0},"end":{"line":17,"column":26}},"6":{"start":{"line":20,"column":0},"end":{"line":20,"column":28}},"7":{"start":{"line":23,"column":0},"end":{"line":23,"column":26}},"8":{"start":{"line":26,"column":0},"end":{"line":26,"column":32}},"9":{"start":{"line":29,"column":0},"end":{"line":29,"column":34}},"10":{"start":{"line":31,"column":0},"end":{"line":31,"column":24}}},"fnMap":{},"branchMap":{},"s":{"0":2,"1":2,"2":2,"3":2,"4":2,"5":2,"6":2,"7":2,"8":2,"9":2,"10":2},"f":{},"b":{},"_coverageSchema":"1a1c01bbd47fc00a2c39e90264f33305004495a9","hash":"099e43b8b6f28facda90e7c9bd41c3ab4c8c16f0"}
,"C:\\Users\\tsoot\\OneDrive\\Tiedostot\\Koulu24\\Y1\\Period_1\\Web_Development\\web-dev-project\\backend\\routers\\RegLogRouter.js": {"path":"C:\\Users\\tsoot\\OneDrive\\Tiedostot\\Koulu24\\Y1\\Period_1\\Web_Development\\web-dev-project\\backend\\routers\\RegLogRouter.js","statementMap":{"0":{"start":{"line":1,"column":16},"end":{"line":1,"column":34}},"1":{"start":{"line":2,"column":15},"end":{"line":2,"column":31}},"2":{"start":{"line":3,"column":36},"end":{"line":3,"column":78}},"3":{"start":{"line":6,"column":0},"end":{"line":6,"column":33}},"4":{"start":{"line":9,"column":0},"end":{"line":9,"column":39}},"5":{"start":{"line":11,"column":0},"end":{"line":11,"column":24}}},"fnMap":{},"branchMap":{},"s":{"0":2,"1":2,"2":2,"3":2,"4":2,"5":2},"f":{},"b":{},"_coverageSchema":"1a1c01bbd47fc00a2c39e90264f33305004495a9","hash":"947b668922e849018832f752578ced1271dea666"}
,"C:\\Users\\tsoot\\OneDrive\\Tiedostot\\Koulu24\\Y1\\Period_1\\Web_Development\\web-dev-project\\backend\\routers\\UsersRouter.js": {"path":"C:\\Users\\tsoot\\OneDrive\\Tiedostot\\Koulu24\\Y1\\Period_1\\Web_Development\\web-dev-project\\backend\\routers\\UsersRouter.js","statementMap":{"0":{"start":{"line":1,"column":16},"end":{"line":1,"column":34}},"1":{"start":{"line":2,"column":15},"end":{"line":2,"column":31}},"2":{"start":{"line":8,"column":4},"end":{"line":8,"column":48}},"3":{"start":{"line":11,"column":0},"end":{"line":11,"column":26}},"4":{"start":{"line":14,"column":0},"end":{"line":14,"column":28}},"5":{"start":{"line":17,"column":0},"end":{"line":17,"column":32}},"6":{"start":{"line":20,"column":0},"end":{"line":20,"column":34}},"7":{"start":{"line":22,"column":0},"end":{"line":22,"column":24}}},"fnMap":{},"branchMap":{},"s":{"0":2,"1":2,"2":2,"3":2,"4":2,"5":2,"6":2,"7":2},"f":{},"b":{},"_coverageSchema":"1a1c01bbd47fc00a2c39e90264f33305004495a9","hash":"13afc2a1b556082e329b39859baf3540d3e5de28"}
}
