TN:
SF:app.js
FN:21,(anonymous_0)
FNF:1
FNH:0
FNDA:0,(anonymous_0)
DA:1,2
DA:2,2
DA:3,2
DA:4,2
DA:5,2
DA:6,2
DA:7,2
DA:8,2
DA:11,2
DA:14,2
DA:17,2
DA:18,2
DA:19,2
DA:21,2
DA:22,0
DA:26,2
DA:27,2
DA:28,2
DA:31,2
DA:32,2
DA:34,2
LF:21
LH:20
BRF:0
BRH:0
end_of_record
TN:
SF:config\db.js
FN:3,(anonymous_0)
FNF:1
FNH:1
FNDA:2,(anonymous_0)
DA:1,2
DA:3,2
DA:4,2
DA:5,2
DA:7,2
DA:9,0
DA:10,0
DA:14,2
LF:8
LH:6
BRF:0
BRH:0
end_of_record
TN:
SF:controllers\NotesController.js
FN:5,(anonymous_0)
FN:18,(anonymous_1)
FN:43,(anonymous_2)
FN:68,(anonymous_3)
FN:95,(anonymous_4)
FNF:5
FNH:5
FNDA:1,(anonymous_0)
FNDA:6,(anonymous_1)
FNDA:1,(anonymous_2)
FNDA:1,(anonymous_3)
FNDA:1,(anonymous_4)
DA:1,2
DA:2,2
DA:5,2
DA:6,1
DA:8,1
DA:9,1
DA:10,1
DA:12,0
DA:13,0
DA:18,2
DA:19,6
DA:22,6
DA:23,6
DA:24,6
DA:29,6
DA:32,6
DA:37,0
DA:38,0
DA:43,2
DA:44,1
DA:46,1
DA:47,0
DA:52,1
DA:53,1
DA:54,1
DA:55,1
DA:56,0
DA:58,1
DA:60,0
DA:61,0
DA:68,2
DA:69,1
DA:71,1
DA:72,0
DA:75,1
DA:76,1
DA:77,1
DA:84,1
DA:85,0
DA:87,1
DA:89,0
DA:90,0
DA:95,2
DA:96,1
DA:98,1
DA:99,1
DA:100,1
DA:108,1
DA:109,0
DA:111,1
DA:113,0
DA:114,0
DA:118,2
LF:53
LH:38
BRDA:46,0,0,0
BRDA:46,0,1,1
BRDA:55,1,0,0
BRDA:55,1,1,1
BRDA:71,2,0,0
BRDA:71,2,1,1
BRDA:84,3,0,0
BRDA:84,3,1,1
BRDA:108,4,0,0
BRDA:108,4,1,1
BRF:10
BRH:5
end_of_record
TN:
SF:controllers\RegLogController.js
FN:4,(anonymous_0)
FN:9,(anonymous_1)
FN:26,(anonymous_2)
FNF:3
FNH:3
FNDA:3,(anonymous_0)
FNDA:3,(anonymous_1)
FNDA:2,(anonymous_2)
DA:1,2
DA:2,2
DA:4,2
DA:5,3
DA:9,2
DA:10,3
DA:13,3
DA:14,3
DA:17,2
DA:19,2
DA:21,1
DA:26,2
DA:27,2
DA:28,2
DA:29,2
DA:32,1
DA:34,1
DA:36,1
DA:40,2
LF:19
LH:19
BRF:0
BRH:0
end_of_record
TN:
SF:controllers\UsersController.js
FN:5,(anonymous_0)
FN:10,(anonymous_1)
FN:18,(anonymous_2)
FN:36,(anonymous_3)
FN:53,(anonymous_4)
FNF:5
FNH:0
FNDA:0,(anonymous_0)
FNDA:0,(anonymous_1)
FNDA:0,(anonymous_2)
FNDA:0,(anonymous_3)
FNDA:0,(anonymous_4)
DA:1,2
DA:2,2
DA:3,2
DA:5,2
DA:6,0
DA:10,2
DA:11,0
DA:13,0
DA:18,2
DA:19,0
DA:21,0
DA:22,0
DA:23,0
DA:26,0
DA:28,0
DA:29,0
DA:32,0
DA:36,2
DA:37,0
DA:39,0
DA:40,0
DA:43,0
DA:45,0
DA:46,0
DA:49,0
DA:53,2
DA:54,0
DA:56,0
DA:57,0
DA:60,0
DA:66,0
DA:67,0
DA:70,0
DA:73,2
LF:34
LH:9
BRDA:21,0,0,0
BRDA:21,0,1,0
BRDA:28,1,0,0
BRDA:28,1,1,0
BRDA:39,2,0,0
BRDA:39,2,1,0
BRDA:45,3,0,0
BRDA:45,3,1,0
BRDA:56,4,0,0
BRDA:56,4,1,0
BRDA:66,5,0,0
BRDA:66,5,1,0
BRF:12
BRH:0
end_of_record
TN:
SF:middlewares\customMiddleware.js
FN:1,(anonymous_0)
FN:10,(anonymous_1)
FN:14,(anonymous_2)
FNF:3
FNH:1
FNDA:15,(anonymous_0)
FNDA:0,(anonymous_1)
FNDA:0,(anonymous_2)
DA:1,2
DA:2,15
DA:3,15
DA:4,15
DA:5,15
DA:6,15
DA:7,15
DA:10,2
DA:11,0
DA:14,2
DA:15,0
DA:17,0
DA:18,0
DA:23,2
LF:14
LH:10
BRF:0
BRH:0
end_of_record
TN:
SF:middlewares\requireAuth.js
FN:4,(anonymous_0)
FNF:1
FNH:1
FNDA:10,(anonymous_0)
DA:1,2
DA:2,2
DA:4,2
DA:6,10
DA:8,10
DA:9,0
DA:12,10
DA:14,10
DA:15,10
DA:17,10
DA:18,10
DA:20,0
DA:21,0
DA:25,2
LF:14
LH:11
BRDA:8,0,0,0
BRDA:8,0,1,10
BRF:2
BRH:1
end_of_record
TN:
SF:models\Note.js
FNF:0
FNH:0
DA:1,2
DA:3,2
DA:18,2
DA:19,2
LF:4
LH:4
BRF:0
BRH:0
end_of_record
TN:
SF:models\User.js
FN:18,(anonymous_0)
FN:45,(anonymous_1)
FNF:2
FNH:2
FNDA:3,(anonymous_0)
FNDA:2,(anonymous_1)
DA:1,2
DA:2,2
DA:3,2
DA:5,2
DA:18,2
DA:20,3
DA:21,0
DA:23,3
DA:24,0
DA:26,3
DA:27,1
DA:30,2
DA:32,2
DA:33,0
DA:36,2
DA:37,2
DA:39,2
DA:41,2
DA:45,2
DA:46,2
DA:47,0
DA:50,2
DA:51,2
DA:52,0
DA:55,2
DA:56,2
DA:57,1
DA:60,1
DA:63,2
DA:64,2
LF:30
LH:25
BRDA:20,0,0,0
BRDA:20,0,1,3
BRDA:20,1,0,3
BRDA:20,1,1,3
BRDA:23,2,0,0
BRDA:23,2,1,3
BRDA:26,3,0,1
BRDA:26,3,1,2
BRDA:32,4,0,0
BRDA:32,4,1,2
BRDA:46,5,0,0
BRDA:46,5,1,2
BRDA:46,6,0,2
BRDA:46,6,1,2
BRDA:51,7,0,0
BRDA:51,7,1,2
BRDA:56,8,0,1
BRDA:56,8,1,1
BRF:18
BRH:13
end_of_record
TN:
SF:routers\NotesRouter.js
FNF:0
FNH:0
DA:1,2
DA:2,2
DA:9,2
DA:11,2
DA:14,2
DA:17,2
DA:20,2
DA:23,2
DA:26,2
DA:29,2
DA:31,2
LF:11
LH:11
BRF:0
BRH:0
end_of_record
TN:
SF:routers\RegLogRouter.js
FNF:0
FNH:0
DA:1,2
DA:2,2
DA:3,2
DA:6,2
DA:9,2
DA:11,2
LF:6
LH:6
BRF:0
BRH:0
end_of_record
TN:
SF:routers\UsersRouter.js
FNF:0
FNH:0
DA:1,2
DA:2,2
DA:8,2
DA:11,2
DA:14,2
DA:17,2
DA:20,2
DA:22,2
LF:8
LH:8
BRF:0
BRH:0
end_of_record
